2025-05-18 13:14:11,217 mdsoln risk-management-system-dev.jar[7939] WARN  [io.qua.config] (Quarkus Main Thread) Unrecognized configuration key "quarkus.log.category."org.hibernate.type.descriptor.sql.BasicBinder"" was provided; it will be ignored; verify that the dependency extension for this configuration is set or that you did not make a typo
2025-05-18 13:14:11,218 mdsoln risk-management-system-dev.jar[7939] WARN  [io.qua.config] (Quarkus Main Thread) Unrecognized configuration key "quarkus.log.category."io.quarkus.security"" was provided; it will be ignored; verify that the dependency extension for this configuration is set or that you did not make a typo
2025-05-18 13:14:11,219 mdsoln risk-management-system-dev.jar[7939] WARN  [io.qua.config] (Quarkus Main Thread) Unrecognized configuration key "quarkus.log.category."org.hibernate.SQL"" was provided; it will be ignored; verify that the dependency extension for this configuration is set or that you did not make a typo
2025-05-18 13:14:11,219 mdsoln risk-management-system-dev.jar[7939] WARN  [io.qua.config] (Quarkus Main Thread) Unrecognized configuration key "quarkus.log.category."io.smallrye.jwt.auth.principal"" was provided; it will be ignored; verify that the dependency extension for this configuration is set or that you did not make a typo
2025-05-18 13:14:11,220 mdsoln risk-management-system-dev.jar[7939] WARN  [io.qua.config] (Quarkus Main Thread) Unrecognized configuration key "quarkus.log.category."io.smallrye.jwt"" was provided; it will be ignored; verify that the dependency extension for this configuration is set or that you did not make a typo
2025-05-18 13:14:11,220 mdsoln risk-management-system-dev.jar[7939] WARN  [io.qua.config] (Quarkus Main Thread) Unrecognized configuration key "quarkus.swagger-ui.auth-url" was provided; it will be ignored; verify that the dependency extension for this configuration is set or that you did not make a typo
2025-05-18 13:14:11,220 mdsoln risk-management-system-dev.jar[7939] WARN  [io.qua.config] (Quarkus Main Thread) Unrecognized configuration key "quarkus.smallrye-json.date-format" was provided; it will be ignored; verify that the dependency extension for this configuration is set or that you did not make a typo
2025-05-18 13:14:11,221 mdsoln risk-management-system-dev.jar[7939] WARN  [io.qua.config] (Quarkus Main Thread) Unrecognized configuration key "quarkus.swagger-ui.bearer-token-enabled" was provided; it will be ignored; verify that the dependency extension for this configuration is set or that you did not make a typo
2025-05-18 13:14:14,060 mdsoln risk-management-system-dev.jar[7939] INFO  [org.hib.env.con.int.met.AuditMetadataGenerator] (Quarkus Main Thread) Adding properties for entity: tz.go.psssf.risk.workflow.entity.WorkflowLevel
2025-05-18 13:14:14,062 mdsoln risk-management-system-dev.jar[7939] INFO  [org.hib.env.con.int.met.AuditMetadataGenerator] (Quarkus Main Thread) Adding properties for entity: tz.go.psssf.risk.entity.ResidualRisk
2025-05-18 13:14:14,062 mdsoln risk-management-system-dev.jar[7939] INFO  [org.hib.env.con.int.met.AuditMetadataGenerator] (Quarkus Main Thread) Adding properties for entity: tz.go.psssf.risk.entity.RiskAssessmentHistory
2025-05-18 13:14:14,062 mdsoln risk-management-system-dev.jar[7939] INFO  [org.hib.env.con.int.met.AuditMetadataGenerator] (Quarkus Main Thread) Adding properties for entity: tz.go.psssf.risk.compliance.entity.ComplianceDocumentCategory
2025-05-18 13:14:14,065 mdsoln risk-management-system-dev.jar[7939] INFO  [org.hib.env.con.int.met.AuditMetadataGenerator] (Quarkus Main Thread) Adding properties for entity: tz.go.psssf.risk.entity.RiskRegistry
2025-05-18 13:14:14,065 mdsoln risk-management-system-dev.jar[7939] INFO  [org.hib.env.con.int.met.AuditMetadataGenerator] (Quarkus Main Thread) Adding properties for entity: tz.go.psssf.risk.workflow.entity.EntityType
2025-05-18 13:14:14,065 mdsoln risk-management-system-dev.jar[7939] INFO  [org.hib.env.con.int.met.AuditMetadataGenerator] (Quarkus Main Thread) Adding properties for entity: tz.go.psssf.risk.entity.RiskIndicatorThreshold
2025-05-18 13:14:14,065 mdsoln risk-management-system-dev.jar[7939] INFO  [org.hib.env.con.int.met.AuditMetadataGenerator] (Quarkus Main Thread) Adding properties for entity: tz.go.psssf.risk.compliance.entity.ComplianceStatus
2025-05-18 13:14:14,066 mdsoln risk-management-system-dev.jar[7939] INFO  [org.hib.env.con.int.met.AuditMetadataGenerator] (Quarkus Main Thread) Adding properties for entity: tz.go.psssf.risk.entity.BusinessProcess
2025-05-18 13:14:14,066 mdsoln risk-management-system-dev.jar[7939] INFO  [org.hib.env.con.int.met.AuditMetadataGenerator] (Quarkus Main Thread) Adding properties for entity: tz.go.psssf.risk.entity.Permission
2025-05-18 13:14:14,066 mdsoln risk-management-system-dev.jar[7939] INFO  [org.hib.env.con.int.met.AuditMetadataGenerator] (Quarkus Main Thread) Adding properties for entity: tz.go.psssf.risk.entity.RiskActionPlanMonitoring
2025-05-18 13:14:14,067 mdsoln risk-management-system-dev.jar[7939] INFO  [org.hib.env.con.int.met.AuditMetadataGenerator] (Quarkus Main Thread) Adding properties for entity: tz.go.psssf.risk.entity.RiskAssessmentFlow
2025-05-18 13:14:14,067 mdsoln risk-management-system-dev.jar[7939] INFO  [org.hib.env.con.int.met.AuditMetadataGenerator] (Quarkus Main Thread) Adding properties for entity: tz.go.psssf.risk.entity.Likelihood
2025-05-18 13:14:14,068 mdsoln risk-management-system-dev.jar[7939] INFO  [org.hib.env.con.int.met.AuditMetadataGenerator] (Quarkus Main Thread) Adding properties for entity: tz.go.psssf.risk.entity.SubCategory
2025-05-18 13:14:14,068 mdsoln risk-management-system-dev.jar[7939] INFO  [org.hib.env.con.int.met.AuditMetadataGenerator] (Quarkus Main Thread) Adding properties for entity: tz.go.psssf.risk.entity.RiskOpportunity
2025-05-18 13:14:14,069 mdsoln risk-management-system-dev.jar[7939] INFO  [org.hib.env.con.int.met.AuditMetadataGenerator] (Quarkus Main Thread) Adding properties for entity: tz.go.psssf.risk.entity.ComparisonOperator
2025-05-18 13:14:14,069 mdsoln risk-management-system-dev.jar[7939] INFO  [org.hib.env.con.int.met.AuditMetadataGenerator] (Quarkus Main Thread) Adding properties for entity: tz.go.psssf.risk.entity.ThresholdCategory
2025-05-18 13:14:14,069 mdsoln risk-management-system-dev.jar[7939] INFO  [org.hib.env.con.int.met.AuditMetadataGenerator] (Quarkus Main Thread) Adding properties for entity: tz.go.psssf.risk.entity.RiskIndicatorComparisonCondition
2025-05-18 13:14:14,069 mdsoln risk-management-system-dev.jar[7939] INFO  [org.hib.env.con.int.met.AuditMetadataGenerator] (Quarkus Main Thread) Adding properties for entity: tz.go.psssf.risk.entity.Department
2025-05-18 13:14:14,070 mdsoln risk-management-system-dev.jar[7939] INFO  [org.hib.env.con.int.met.AuditMetadataGenerator] (Quarkus Main Thread) Adding properties for entity: tz.go.psssf.risk.entity.RiskActionPlan
2025-05-18 13:14:14,070 mdsoln risk-management-system-dev.jar[7939] INFO  [org.hib.env.con.int.met.AuditMetadataGenerator] (Quarkus Main Thread) Adding properties for entity: tz.go.psssf.risk.entity.MonitoringFrequency
2025-05-18 13:14:14,070 mdsoln risk-management-system-dev.jar[7939] INFO  [org.hib.env.con.int.met.AuditMetadataGenerator] (Quarkus Main Thread) Adding properties for entity: tz.go.psssf.risk.compliance.entity.RegulatoryComplianceMatrixSection
2025-05-18 13:14:14,070 mdsoln risk-management-system-dev.jar[7939] INFO  [org.hib.env.con.int.met.AuditMetadataGenerator] (Quarkus Main Thread) Adding properties for entity: tz.go.psssf.risk.entity.RiskStatus
2025-05-18 13:14:14,070 mdsoln risk-management-system-dev.jar[7939] INFO  [org.hib.env.con.int.met.AuditMetadataGenerator] (Quarkus Main Thread) Adding properties for entity: tz.go.psssf.risk.compliance.entity.ComplianceEntityCategory
2025-05-18 13:14:14,071 mdsoln risk-management-system-dev.jar[7939] INFO  [org.hib.env.con.int.met.AuditMetadataGenerator] (Quarkus Main Thread) Adding properties for entity: tz.go.psssf.risk.workflow.entity.WorkflowStatusType
2025-05-18 13:14:14,071 mdsoln risk-management-system-dev.jar[7939] INFO  [org.hib.env.con.int.met.AuditMetadataGenerator] (Quarkus Main Thread) Adding properties for entity: tz.go.psssf.risk.entity.Directorate
2025-05-18 13:14:14,072 mdsoln risk-management-system-dev.jar[7939] INFO  [org.hib.env.con.int.met.AuditMetadataGenerator] (Quarkus Main Thread) Adding properties for entity: tz.go.psssf.risk.workflow.entity.Workflow
2025-05-18 13:14:14,072 mdsoln risk-management-system-dev.jar[7939] INFO  [org.hib.env.con.int.met.AuditMetadataGenerator] (Quarkus Main Thread) Adding properties for entity: tz.go.psssf.risk.compliance.entity.ComplianceEntity
2025-05-18 13:14:14,072 mdsoln risk-management-system-dev.jar[7939] INFO  [org.hib.env.con.int.met.AuditMetadataGenerator] (Quarkus Main Thread) Adding properties for entity: tz.go.psssf.risk.entity.RiskAssessmentLevel
2025-05-18 13:14:14,073 mdsoln risk-management-system-dev.jar[7939] INFO  [org.hib.env.con.int.met.AuditMetadataGenerator] (Quarkus Main Thread) Adding properties for entity: tz.go.psssf.risk.entity.User
2025-05-18 13:14:14,073 mdsoln risk-management-system-dev.jar[7939] INFO  [org.hib.env.con.int.met.AuditMetadataGenerator] (Quarkus Main Thread) Adding properties for entity: tz.go.psssf.risk.entity.Impact
2025-05-18 13:14:14,073 mdsoln risk-management-system-dev.jar[7939] INFO  [org.hib.env.con.int.met.AuditMetadataGenerator] (Quarkus Main Thread) Adding properties for entity: tz.go.psssf.risk.entity.ControlIndicator
2025-05-18 13:14:14,073 mdsoln risk-management-system-dev.jar[7939] INFO  [org.hib.env.con.int.met.AuditMetadataGenerator] (Quarkus Main Thread) Adding properties for entity: tz.go.psssf.risk.entity.ControlIndicatorThreshold
2025-05-18 13:14:14,074 mdsoln risk-management-system-dev.jar[7939] INFO  [org.hib.env.con.int.met.AuditMetadataGenerator] (Quarkus Main Thread) Adding properties for entity: tz.go.psssf.risk.entity.Risk
2025-05-18 13:14:14,074 mdsoln risk-management-system-dev.jar[7939] INFO  [org.hib.env.con.int.met.AuditMetadataGenerator] (Quarkus Main Thread) Adding properties for entity: tz.go.psssf.risk.workflow.entity.WorkflowLog
2025-05-18 13:14:14,074 mdsoln risk-management-system-dev.jar[7939] INFO  [org.hib.env.con.int.met.AuditMetadataGenerator] (Quarkus Main Thread) Adding properties for entity: tz.go.psssf.risk.entity.RiskAssessmentStatus
2025-05-18 13:14:14,074 mdsoln risk-management-system-dev.jar[7939] INFO  [org.hib.env.con.int.met.AuditMetadataGenerator] (Quarkus Main Thread) Adding properties for entity: tz.go.psssf.risk.entity.RiskArea
2025-05-18 13:14:14,075 mdsoln risk-management-system-dev.jar[7939] INFO  [org.hib.env.con.int.met.AuditMetadataGenerator] (Quarkus Main Thread) Adding properties for entity: tz.go.psssf.risk.workflow.entity.WorkflowStatus
2025-05-18 13:14:14,075 mdsoln risk-management-system-dev.jar[7939] INFO  [org.hib.env.con.int.met.AuditMetadataGenerator] (Quarkus Main Thread) Adding properties for entity: tz.go.psssf.risk.workflow.entity.WorkflowEntity
2025-05-18 13:14:14,075 mdsoln risk-management-system-dev.jar[7939] INFO  [org.hib.env.con.int.met.AuditMetadataGenerator] (Quarkus Main Thread) Adding properties for entity: tz.go.psssf.risk.entity.RiskChampion
2025-05-18 13:14:14,075 mdsoln risk-management-system-dev.jar[7939] INFO  [org.hib.env.con.int.met.AuditMetadataGenerator] (Quarkus Main Thread) Adding properties for entity: tz.go.psssf.risk.entity.RiskCause
2025-05-18 13:14:14,076 mdsoln risk-management-system-dev.jar[7939] INFO  [org.hib.env.con.int.met.AuditMetadataGenerator] (Quarkus Main Thread) Adding properties for entity: tz.go.psssf.risk.entity.RiskAreaCategory
2025-05-18 13:14:14,076 mdsoln risk-management-system-dev.jar[7939] INFO  [org.hib.env.con.int.met.AuditMetadataGenerator] (Quarkus Main Thread) Adding properties for entity: tz.go.psssf.risk.entity.RiskIndicator
2025-05-18 13:14:14,076 mdsoln risk-management-system-dev.jar[7939] INFO  [org.hib.env.con.int.met.AuditMetadataGenerator] (Quarkus Main Thread) Adding properties for entity: tz.go.psssf.risk.compliance.entity.RegulatoryComplianceMatrix
2025-05-18 13:14:14,076 mdsoln risk-management-system-dev.jar[7939] INFO  [org.hib.env.con.int.met.AuditMetadataGenerator] (Quarkus Main Thread) Adding properties for entity: tz.go.psssf.risk.entity.Category
2025-05-18 13:14:14,076 mdsoln risk-management-system-dev.jar[7939] INFO  [org.hib.env.con.int.met.AuditMetadataGenerator] (Quarkus Main Thread) Adding properties for entity: tz.go.psssf.risk.entity.Measurement
2025-05-18 13:14:14,077 mdsoln risk-management-system-dev.jar[7939] INFO  [org.hib.env.con.int.met.AuditMetadataGenerator] (Quarkus Main Thread) Adding properties for entity: tz.go.psssf.risk.entity.InherentRisk
2025-05-18 13:14:14,077 mdsoln risk-management-system-dev.jar[7939] INFO  [org.hib.env.con.int.met.AuditMetadataGenerator] (Quarkus Main Thread) Adding properties for entity: tz.go.psssf.risk.entity.RiskIndicatorActionPlan
2025-05-18 13:14:14,077 mdsoln risk-management-system-dev.jar[7939] INFO  [org.hib.env.con.int.met.AuditMetadataGenerator] (Quarkus Main Thread) Adding properties for entity: tz.go.psssf.risk.entity.RiskOwner
2025-05-18 13:14:14,077 mdsoln risk-management-system-dev.jar[7939] INFO  [org.hib.env.con.int.met.AuditMetadataGenerator] (Quarkus Main Thread) Adding properties for entity: tz.go.psssf.risk.entity.ControlIndicatorComparisonCondition
2025-05-18 13:14:14,078 mdsoln risk-management-system-dev.jar[7939] INFO  [org.hib.env.con.int.met.AuditMetadataGenerator] (Quarkus Main Thread) Adding properties for entity: tz.go.psssf.risk.entity.RiskIndicatorActionPlanMonitoring
2025-05-18 13:14:14,078 mdsoln risk-management-system-dev.jar[7939] INFO  [org.hib.env.con.int.met.AuditMetadataGenerator] (Quarkus Main Thread) Adding properties for entity: tz.go.psssf.risk.entity.FundObjective
2025-05-18 13:14:14,078 mdsoln risk-management-system-dev.jar[7939] INFO  [org.hib.env.con.int.met.AuditMetadataGenerator] (Quarkus Main Thread) Adding properties for entity: tz.go.psssf.risk.entity.StatusType
2025-05-18 13:14:14,079 mdsoln risk-management-system-dev.jar[7939] INFO  [org.hib.env.con.int.met.AuditMetadataGenerator] (Quarkus Main Thread) Adding properties for entity: tz.go.psssf.risk.entity.Role
2025-05-18 13:14:14,079 mdsoln risk-management-system-dev.jar[7939] INFO  [org.hib.env.con.int.met.AuditMetadataGenerator] (Quarkus Main Thread) Adding properties for entity: tz.go.psssf.risk.entity.UserType
2025-05-18 13:14:14,079 mdsoln risk-management-system-dev.jar[7939] INFO  [org.hib.env.con.int.met.AuditMetadataGenerator] (Quarkus Main Thread) Adding properties for entity: tz.go.psssf.risk.entity.RiskControl
2025-05-18 13:14:14,080 mdsoln risk-management-system-dev.jar[7939] INFO  [org.hib.env.con.int.met.AuditMetadataGenerator] (Quarkus Main Thread) Adding properties for entity: tz.go.psssf.risk.compliance.entity.ComplianceDocument
2025-05-18 13:14:24,740 mdsoln risk-management-system-dev.jar[7939] INFO  [tz.go.pss.ris.see.DataSeeder] (Quarkus Main Thread) ########################################################
2025-05-18 13:14:24,745 mdsoln risk-management-system-dev.jar[7939] INFO  [tz.go.pss.ris.see.DataSeeder] (Quarkus Main Thread) ########################################################
2025-05-18 13:14:24,746 mdsoln risk-management-system-dev.jar[7939] INFO  [tz.go.pss.ris.see.DataSeeder] (Quarkus Main Thread) ########################################################
2025-05-18 13:14:24,748 mdsoln risk-management-system-dev.jar[7939] INFO  [tz.go.pss.ris.see.DataSeeder] (Quarkus Main Thread) ########################################################
2025-05-18 13:14:24,749 mdsoln risk-management-system-dev.jar[7939] INFO  [tz.go.pss.ris.see.DataSeeder] (Quarkus Main Thread) ########################  START SEED ################################
2025-05-18 13:14:24,750 mdsoln risk-management-system-dev.jar[7939] INFO  [tz.go.pss.ris.see.DataSeeder] (Quarkus Main Thread) ########################################################
2025-05-18 13:14:24,751 mdsoln risk-management-system-dev.jar[7939] INFO  [tz.go.pss.ris.see.DataSeeder] (Quarkus Main Thread) ########################################################
2025-05-18 13:14:24,752 mdsoln risk-management-system-dev.jar[7939] INFO  [tz.go.pss.ris.see.DataSeeder] (Quarkus Main Thread) ########################################################
2025-05-18 13:14:24,753 mdsoln risk-management-system-dev.jar[7939] INFO  [tz.go.pss.ris.see.DataSeeder] (Quarkus Main Thread) ########################################################
2025-05-18 13:14:24,755 mdsoln risk-management-system-dev.jar[7939] INFO  [tz.go.pss.ris.see.DataSeeder] (Quarkus Main Thread) ########################################################
2025-05-18 13:14:24,756 mdsoln risk-management-system-dev.jar[7939] INFO  [tz.go.pss.ris.see.DataSeeder] (Quarkus Main Thread) ########################################################
2025-05-18 13:14:24,757 mdsoln risk-management-system-dev.jar[7939] INFO  [tz.go.pss.ris.see.DataSeeder] (Quarkus Main Thread) ########################################################
2025-05-18 13:14:24,758 mdsoln risk-management-system-dev.jar[7939] INFO  [tz.go.pss.ris.see.DataSeeder] (Quarkus Main Thread) ########################  END SEED ################################
2025-05-18 13:14:24,759 mdsoln risk-management-system-dev.jar[7939] INFO  [tz.go.pss.ris.see.DataSeeder] (Quarkus Main Thread) ########################################################
2025-05-18 13:14:24,760 mdsoln risk-management-system-dev.jar[7939] INFO  [tz.go.pss.ris.see.DataSeeder] (Quarkus Main Thread) ########################################################
2025-05-18 13:14:24,761 mdsoln risk-management-system-dev.jar[7939] INFO  [tz.go.pss.ris.see.DataSeeder] (Quarkus Main Thread) ########################################################
2025-05-18 13:14:24,913 mdsoln risk-management-system-dev.jar[7939] INFO  [io.quarkus] (Quarkus Main Thread) risk-management-system 1.0.0-SNAPSHOT on JVM (powered by Quarkus 3.10.2) started in 23.984s. Listening on: http://localhost:8080
2025-05-18 13:14:24,914 mdsoln risk-management-system-dev.jar[7939] INFO  [io.quarkus] (Quarkus Main Thread) Profile dev activated. Live Coding activated.
2025-05-18 13:14:24,915 mdsoln risk-management-system-dev.jar[7939] INFO  [io.quarkus] (Quarkus Main Thread) Installed features: [agroal, cdi, config-yaml, hibernate-envers, hibernate-orm, hibernate-orm-panache, hibernate-orm-rest-data-panache, hibernate-validator, jdbc-postgresql, narayana-jta, rest, rest-jackson, rest-links, security, security-jpa, smallrye-context-propagation, smallrye-jwt, smallrye-openapi, swagger-ui, vertx]
